11-10-2021 @ 05:08:50 - 3.1.0 - No subscription webhooks found using API version 3. No updates needed.
11-10-2021 @ 05:08:50 - 3.1.6 upgrade complete from Subscriptions v0 while WooCommerce WC_VERSION 5.9.0 and database version 5.9.0 was active.
11-10-2021 @ 05:08:50 - Environment info:
11-10-2021 @ 05:08:50 -     WordPress Version : 5.8.1
11-10-2021 @ 05:08:50 - Active Plugins:
11-10-2021 @ 05:08:50 -     Google Listings and Ads by WooCommerce – 1.6.0
11-10-2021 @ 05:08:50 -     Jetpack by Automattic – 10.3
11-10-2021 @ 05:08:50 -     MailPoet 3 (New) by MailPoet – 3.73.2
11-10-2021 @ 05:08:50 -     WooCommerce Payments by Automattic – 3.2.3
11-10-2021 @ 05:08:50 - 3.1.6 upgrade complete from Subscriptions v0 while WooCommerce WC_VERSION 5.9.0 and database version 5.9.0 was active.
11-10-2021 @ 05:08:50 -     WooCommerce Shipping & Tax by WooCommerce – 1.25.19
11-10-2021 @ 05:08:50 - Environment info:
11-10-2021 @ 05:08:50 -     WooCommerce by Automattic – 5.9.0
11-10-2021 @ 05:08:50 -     WordPress Version : 5.8.1
11-10-2021 @ 05:08:50 - Active Plugins:
11-10-2021 @ 05:08:50 -     Google Listings and Ads by WooCommerce – 1.6.0
11-10-2021 @ 05:08:50 -     Jetpack by Automattic – 10.3
11-10-2021 @ 05:08:50 -     MailPoet 3 (New) by MailPoet – 3.73.2
11-10-2021 @ 05:08:50 -     WooCommerce Payments by Automattic – 3.2.3
11-10-2021 @ 05:08:50 -     WooCommerce Shipping & Tax by WooCommerce – 1.25.19
11-10-2021 @ 05:08:50 -     WooCommerce by Automattic – 5.9.0
